2020-12-03 18:36:32,337 :INFO :test_e2e :getting card tittiles
2020-12-03 18:36:32,375 :INFO :test_e2e :iphone X
2020-12-03 18:36:32,391 :INFO :test_e2e :Samsung Note 8
2020-12-03 18:36:32,406 :INFO :test_e2e :Nokia Edge
2020-12-03 18:36:32,422 :INFO :test_e2e :Blackberry
2020-12-03 18:36:32,681 :INFO :test_e2e :entering country as ind
2020-12-03 18:36:38,310 :INFO :test_e2e :×
Success! Thank you! Your order will be delivered in next few weeks :-).
2020-12-03 18:40:48,928 :INFO :test_LoginPage :loginpage ×
Success! The Form has been submitted successfully!.
2020-12-03 18:55:15,595 :INFO :test_e2e :getting card tittiles
2020-12-03 18:55:15,646 :INFO :test_e2e :iphone X
2020-12-03 18:55:15,661 :INFO :test_e2e :Samsung Note 8
2020-12-03 18:55:15,681 :INFO :test_e2e :Nokia Edge
2020-12-03 18:55:15,697 :INFO :test_e2e :Blackberry
2020-12-03 18:55:15,948 :INFO :test_e2e :entering country as ind
2020-12-03 18:55:21,534 :INFO :test_e2e :×
Success! Thank you! Your order will be delivered in next few weeks :-).
2020-12-03 18:55:35,472 :INFO :test_LoginPage :loginpage ×
Success! The Form has been submitted successfully!.
2020-12-03 19:05:11,497 :INFO :test_e2e :getting card tittiles
2020-12-03 19:05:11,517 :INFO :test_e2e :iphone X
2020-12-03 19:05:11,533 :INFO :test_e2e :Samsung Note 8
2020-12-03 19:05:11,548 :INFO :test_e2e :Nokia Edge
2020-12-03 19:05:11,564 :INFO :test_e2e :Blackberry
2020-12-03 19:05:11,824 :INFO :test_e2e :entering country as ind
2020-12-03 19:05:17,579 :INFO :test_e2e :×
Success! Thank you! Your order will be delivered in next few weeks :-).
2020-12-03 19:05:31,627 :INFO :test_LoginPage :loginpage ×
Success! The Form has been submitted successfully!.
2020-12-03 19:05:35,209 :INFO :test_LoginPage :loginpage ×
Success! The Form has been submitted successfully!.
2020-12-03 19:05:35,209 :INFO :test_LoginPage :loginpage ×
Success! The Form has been submitted successfully!.
2020-12-03 19:35:50,887 :INFO :test_e2e :getting card tittiles
2020-12-03 19:35:50,903 :INFO :test_e2e :iphone X
2020-12-03 19:35:50,919 :INFO :test_e2e :Samsung Note 8
2020-12-03 19:35:50,934 :INFO :test_e2e :Nokia Edge
2020-12-03 19:35:50,950 :INFO :test_e2e :Blackberry
2020-12-03 19:35:51,207 :INFO :test_e2e :entering country as ind
2020-12-03 19:35:56,785 :INFO :test_e2e :×
Success! Thank you! Your order will be delivered in next few weeks :-).
2020-12-03 19:37:13,255 :INFO :test_e2e :getting card tittiles
2020-12-03 19:37:13,271 :INFO :test_e2e :iphone X
2020-12-03 19:37:13,287 :INFO :test_e2e :Samsung Note 8
2020-12-03 19:37:13,301 :INFO :test_e2e :Nokia Edge
2020-12-03 19:37:13,316 :INFO :test_e2e :Blackberry
2020-12-03 19:37:13,571 :INFO :test_e2e :entering country as ind
2020-12-03 19:37:19,202 :INFO :test_e2e :×
Success! Thank you! Your order will be delivered in next few weeks :-).
2020-12-03 19:42:44,090 :INFO :test_e2e :getting card tittiles
2020-12-03 19:42:44,120 :INFO :test_e2e :iphone X
2020-12-03 19:42:44,137 :INFO :test_e2e :Samsung Note 8
2020-12-03 19:42:44,153 :INFO :test_e2e :Nokia Edge
2020-12-03 19:42:44,171 :INFO :test_e2e :Blackberry
2020-12-03 19:42:44,393 :INFO :test_e2e :entering country as ind
2020-12-03 19:42:50,593 :INFO :test_e2e :×
Success! Thank you! Your order will be delivered in next few weeks :-).
2020-12-03 19:44:28,736 :INFO :test_e2e :getting card tittiles
2020-12-03 19:44:28,752 :INFO :test_e2e :iphone X
2020-12-03 19:44:28,768 :INFO :test_e2e :Samsung Note 8
2020-12-03 19:44:28,783 :INFO :test_e2e :Nokia Edge
2020-12-03 19:44:28,799 :INFO :test_e2e :Blackberry
2020-12-03 19:44:29,013 :INFO :test_e2e :entering country as ind
2020-12-03 19:44:34,782 :INFO :test_e2e :×
Success! Thank you! Your order will be delivered in next few weeks :-).
2020-12-05 17:25:21,412 :INFO :test_LoginPage :loginpage ×
Success! The Form has been submitted successfully!.
